D:\Computer_application\VStudio2022\Community\MSBuild\Microsoft\VC\v170\Microsoft.CppBuild.targets(514,5): warning MSB8028: 中间目录(x64\Debug\)包含从另一个项目(04 递增运算符重载.vcxproj)共享的文件。   这会导致错误的清除和重新生成行为。
  04 递增运算符重载.cpp
D:\Code\C++\04_C++Basic\day05\04 递增运算符重载\04 递增运算符重载.cpp(51,21): error C2679: 二元“<<”: 没有找到接受“MyInter”类型的右操作数的运算符(或没有可接受的转换)
D:\Computer_application\VStudio2022\Community\VC\Tools\MSVC\14.31.31103\include\ostream(471,39): message : 可能是“std::basic_ostream<char,std::char_traits<char>> &std::basic_ostream<char,std::char_traits<char>>::operator <<(std::basic_streambuf<char,std::char_traits<char>> *)”
D:\Computer_application\VStudio2022\Community\VC\Tools\MSVC\14.31.31103\include\ostream(439,39): message : 或    “std::basic_ostream<char,std::char_traits<char>> &std::basic_ostream<char,std::char_traits<char>>::operator <<(const void *)”
D:\Computer_application\VStudio2022\Community\VC\Tools\MSVC\14.31.31103\include\ostream(421,39): message : 或    “std::basic_ostream<char,std::char_traits<char>> &std::basic_ostream<char,std::char_traits<char>>::operator <<(long double)”
D:\Computer_application\VStudio2022\Community\VC\Tools\MSVC\14.31.31103\include\ostream(403,39): message : 或    “std::basic_ostream<char,std::char_traits<char>> &std::basic_ostream<char,std::char_traits<char>>::operator <<(double)”
D:\Computer_application\VStudio2022\Community\VC\Tools\MSVC\14.31.31103\include\ostream(385,39): message : 或    “std::basic_ostream<char,std::char_traits<char>> &std::basic_ostream<char,std::char_traits<char>>::operator <<(float)”
D:\Computer_application\VStudio2022\Community\VC\Tools\MSVC\14.31.31103\include\ostream(367,39): message : 或    “std::basic_ostream<char,std::char_traits<char>> &std::basic_ostream<char,std::char_traits<char>>::operator <<(unsigned __int64)”
D:\Computer_application\VStudio2022\Community\VC\Tools\MSVC\14.31.31103\include\ostream(349,39): message : 或    “std::basic_ostream<char,std::char_traits<char>> &std::basic_ostream<char,std::char_traits<char>>::operator <<(__int64)”
D:\Computer_application\VStudio2022\Community\VC\Tools\MSVC\14.31.31103\include\ostream(331,39): message : 或    “std::basic_ostream<char,std::char_traits<char>> &std::basic_ostream<char,std::char_traits<char>>::operator <<(unsigned long)”
D:\Computer_application\VStudio2022\Community\VC\Tools\MSVC\14.31.31103\include\ostream(313,39): message : 或    “std::basic_ostream<char,std::char_traits<char>> &std::basic_ostream<char,std::char_traits<char>>::operator <<(long)”
D:\Computer_application\VStudio2022\Community\VC\Tools\MSVC\14.31.31103\include\ostream(294,39): message : 或    “std::basic_ostream<char,std::char_traits<char>> &std::basic_ostream<char,std::char_traits<char>>::operator <<(unsigned int)”
D:\Computer_application\VStudio2022\Community\VC\Tools\MSVC\14.31.31103\include\ostream(268,39): message : 或    “std::basic_ostream<char,std::char_traits<char>> &std::basic_ostream<char,std::char_traits<char>>::operator <<(int)”
D:\Computer_application\VStudio2022\Community\VC\Tools\MSVC\14.31.31103\include\ostream(249,39): message : 或    “std::basic_ostream<char,std::char_traits<char>> &std::basic_ostream<char,std::char_traits<char>>::operator <<(unsigned short)”
D:\Computer_application\VStudio2022\Community\VC\Tools\MSVC\14.31.31103\include\ostream(215,39): message : 或    “std::basic_ostream<char,std::char_traits<char>> &std::basic_ostream<char,std::char_traits<char>>::operator <<(short)”
D:\Computer_application\VStudio2022\Community\VC\Tools\MSVC\14.31.31103\include\ostream(197,39): message : 或    “std::basic_ostream<char,std::char_traits<char>> &std::basic_ostream<char,std::char_traits<char>>::operator <<(bool)”
D:\Computer_application\VStudio2022\Community\VC\Tools\MSVC\14.31.31103\include\ostream(192,39): message : 或    “std::basic_ostream<char,std::char_traits<char>> &std::basic_ostream<char,std::char_traits<char>>::operator <<(std::ios_base &(__cdecl *)(std::ios_base &))”
D:\Computer_application\VStudio2022\Community\VC\Tools\MSVC\14.31.31103\include\ostream(187,39): message : 或    “std::basic_ostream<char,std::char_traits<char>> &std::basic_ostream<char,std::char_traits<char>>::operator <<(std::basic_ios<char,std::char_traits<char>> &(__cdecl *)(std::basic_ios<char,std::char_traits<char>> &))”
D:\Computer_application\VStudio2022\Community\VC\Tools\MSVC\14.31.31103\include\ostream(182,39): message : 或    “std::basic_ostream<char,std::char_traits<char>> &std::basic_ostream<char,std::char_traits<char>>::operator <<(std::basic_ostream<char,std::char_traits<char>> &(__cdecl *)(std::basic_ostream<char,std::char_traits<char>> &))”
D:\Code\C++\04_C++Basic\day05\04 递增运算符重载\04 递增运算符重载.cpp(34,10): message : 或    “std::ostream &operator <<(std::ostream &,MyInter &)”
D:\Code\C++\04_C++Basic\day05\04 递增运算符重载\04 递增运算符重载.cpp(51,21): message : 尝试匹配参数列表“(std::ostream, MyInter)”时
